<?xml version="1.0" encoding="UTF-8"?>
<!-- Generated by org.testng.reporters.JUnitXMLReporter -->
<testsuite hostname="LAPTOP-8M8NT59T" name="Test" tests="3" failures="0" timestamp="29 Nov 2020 08:41:44 GMT" time="28.888" errors="0">
  <testcase name="loginWithAdmin" time="4.612" classname="com.learnautomation.framework.testcases.CreateUserTest"/>
  <testcase name="createUser" time="7.023" classname="com.learnautomation.framework.testcases.CreateUserTest"/>
  <testcase name="signoutApp" time="1.25" classname="com.learnautomation.framework.testcases.CreateUserTest"/>
</testsuite> <!-- Test -->
