<?xml version="1.0" encoding="UTF-8"?>
<!-- Generated by org.testng.reporters.JUnitXMLReporter -->
<testsuite hostname="DESKTOP-8OBLECF" ignored="0" name="Test" tests="3" failures="2" timestamp="29 Nov 2020 03:25:55 GMT" time="24.898" errors="0">
  <testcase name="loginWithAdmin" time="7.194" classname="com.learnautomation.framework.testcases.LoginTest"/>
  <testcase name="loginWithAdmin" time="1.91" classname="com.learnautomation.framework.testcases.LoginTest">
    <failure type="java.lang.AssertionError" message="expected [true] but found [false]">
      <![CDATA[java.lang.AssertionError: expected [true] but found [false]
at com.learnautomation.framework.pages.LoginPage.loginToApplication(LoginPage.java:46)
at com.learnautomation.framework.testcases.LoginTest.loginWithAdmin(LoginTest.java:27)
... Removed 29 stack frames]]>
    </failure>
  </testcase> <!-- loginWithAdmin -->
  <testcase name="loginWithAdmin" time="1.416" classname="com.learnautomation.framework.testcases.LoginTest">
    <failure type="java.lang.AssertionError" message="expected [true] but found [false]">
      <![CDATA[java.lang.AssertionError: expected [true] but found [false]
at com.learnautomation.framework.pages.LoginPage.loginToApplication(LoginPage.java:46)
at com.learnautomation.framework.testcases.LoginTest.loginWithAdmin(LoginTest.java:27)
... Removed 29 stack frames]]>
    </failure>
  </testcase> <!-- loginWithAdmin -->
</testsuite> <!-- Test -->
